[21:17:42] [main/INFO] [GradleStart]: Extra: []
[21:17:42] [main/INFO] [GradleStart]: Running with arguments: [--userProperties, {}, --assetsDir, C:/Users/DuelMonster/.gradle/caches/minecraft/assets, --assetIndex, 1.12, --accessToken{REDACTED}, --version, 1.12.2, --tweakClass, net.minecraftforge.fml.common.launcher.FMLTweaker, --tweakClass, net.minecraftforge.gradle.tweakers.CoremodTweaker]
[21:17:42] [main/INFO] [LaunchWrapper]: Loading tweak class name net.minecraftforge.fml.common.launcher.FMLTweaker
[21:17:42] [main/INFO] [LaunchWrapper]: Using primary tweak class name net.minecraftforge.fml.common.launcher.FMLTweaker
[21:17:42] [main/INFO] [LaunchWrapper]: Loading tweak class name net.minecraftforge.gradle.tweakers.CoremodTweaker
[21:17:42] [main/INFO] [LaunchWrapper]: Calling tweak class net.minecraftforge.fml.common.launcher.FMLTweaker
[21:17:55] [Thread-3/INFO] [FML]: Using sync timing. 200 frames of Display.update took 98470360 nanos
[21:17:56] [Forge Version Check/INFO] [ForgeVersionCheck]: [minersadvantage] Starting version check at http://www.duelmonster.talktalk.net/Minecraft/MinersAdvantage/forge_update.json
[21:17:56] [Forge Version Check/DEBUG] [ForgeVersionCheck]: Failed to process update information
java.io.FileNotFoundException: http://www.duelmonster.talktalk.net/Minecraft/MinersAdvantage/forge_update.json
	at sun.net.www.protocol.http.HttpURLConnection.getInputStream0(Unknown Source) ~[?:1.8.0_161]
	at sun.net.www.protocol.http.HttpURLConnection.access$200(Unknown Source) ~[?:1.8.0_161]
	at sun.net.www.protocol.http.HttpURLConnection$9.run(Unknown Source) ~[?:1.8.0_161]
	at sun.net.www.protocol.http.HttpURLConnection$9.run(Unknown Source) ~[?:1.8.0_161]
	at java.security.AccessController.doPrivileged(Native Method) ~[?:1.8.0_161]
	at java.security.AccessController.doPrivilegedWithCombiner(Unknown Source) ~[?:1.8.0_161]
	at sun.net.www.protocol.http.HttpURLConnection.getInputStream(Unknown Source) ~[?:1.8.0_161]
	at java.net.URL.openStream(Unknown Source) ~[?:1.8.0_161]
	at net.minecraftforge.common.ForgeVersion$1.process(ForgeVersion.java:215) [ForgeVersion$1.class:?]
	at net.minecraftforge.common.ForgeVersion$1.run(ForgeVersion.java:198) [ForgeVersion$1.class:?]
[21:17:56] [Forge Version Check/INFO] [ForgeVersionCheck]: [forge] Starting version check at http://files.minecraftforge.net/maven/net/minecraftforge/forge/promotions_slim.json
[21:17:56] [Forge Version Check/DEBUG] [ForgeVersionCheck]: [forge] Received version check data:
{
  "homepage": "http://files.minecraftforge.net/maven/net/minecraftforge/forge/",
  "promos": {
    "1.10-latest": "12.18.0.2000",
    "1.10.2-latest": "12.18.3.2511",
    "1.10.2-recommended": "12.18.3.2185",
    "1.11-latest": "13.19.1.2199",
    "1.11-recommended": "13.19.1.2189",
    "1.11.2-latest": "13.20.1.2588",
    "1.11.2-recommended": "13.20.1.2386",
    "1.12-latest": "14.21.1.2443",
    "1.12-recommended": "14.21.1.2387",
    "1.12.1-latest": "14.22.1.2485",
    "1.12.1-recommended": "14.22.1.2478",
    "1.12.2-latest": "14.23.2.2654",
    "1.12.2-recommended": "14.23.2.2611",
    "1.5.2-latest": "7.8.1.738",
    "1.5.2-recommended": "7.8.1.737",
    "1.6.1-latest": "8.9.0.775",
    "1.6.2-latest": "9.10.1.871",
    "1.6.2-recommended": "9.10.1.871",
    "1.6.3-latest": "9.11.0.878",
    "1.6.4-latest": "9.11.1.1345",
    "1.6.4-recommended": "9.11.1.1345",
    "1.7.10-latest": "10.13.4.1614",
    "1.7.10-latest-1.7.10": "10.13.2.1343",
    "1.7.10-recommended": "10.13.4.1558",
    "1.7.2-latest": "10.12.2.1147",
    "1.7.2-recommended": "10.12.2.1121",
    "1.8-latest": "11.14.4.1577",
    "1.8-recommended": "11.14.4.1563",
    "1.8.8-latest": "11.15.0.1655",
    "1.8.9-latest": "11.15.1.2318",
    "1.8.9-recommended": "11.15.1.1722",
    "1.9-latest": "12.16.0.1942",
    "1.9-recommended": "12.16.1.1887",
    "1.9.4-latest": "12.17.0.2051",
    "1.9.4-recommended": "12.17.0.1976",
    "latest": "14.23.2.2654",
    "latest-1.7.10": "10.13.2.1343",
    "recommended": "14.23.2.2611"
  }
}
[21:17:56] [Forge Version Check/INFO] [ForgeVersionCheck]: [forge] Found status: OUTDATED Target: 14.23.2.2611
[22:23:44] [main/INFO] [GradleStart]: Extra: []
[22:23:44] [main/INFO] [GradleStart]: Running with arguments: [--userProperties, {}, --assetsDir, C:/Users/DuelMonster/.gradle/caches/minecraft/assets, --assetIndex, 1.10, --accessToken{REDACTED}, --version, 1.10.2, --tweakClass, net.minecraftforge.fml.common.launcher.FMLTweaker, --tweakClass, net.minecraftforge.gradle.tweakers.CoremodTweaker]
[22:23:44] [main/INFO] [LaunchWrapper]: Loading tweak class name net.minecraftforge.fml.common.launcher.FMLTweaker
[22:23:44] [main/INFO] [LaunchWrapper]: Using primary tweak class name net.minecraftforge.fml.common.launcher.FMLTweaker
[22:23:44] [main/INFO] [LaunchWrapper]: Loading tweak class name net.minecraftforge.gradle.tweakers.CoremodTweaker
[22:23:44] [main/INFO] [LaunchWrapper]: Calling tweak class net.minecraftforge.fml.common.launcher.FMLTweaker
[22:25:43] [main/INFO] [GradleStart]: Extra: []
[22:25:43] [main/INFO] [GradleStart]: Running with arguments: [--userProperties, {}, --assetsDir, C:/Users/DuelMonster/.gradle/caches/minecraft/assets, --assetIndex, 1.10, --accessToken{REDACTED}, --version, 1.10.2, --tweakClass, net.minecraftforge.fml.common.launcher.FMLTweaker, --tweakClass, net.minecraftforge.gradle.tweakers.CoremodTweaker]
[22:25:43] [main/INFO] [LaunchWrapper]: Loading tweak class name net.minecraftforge.fml.common.launcher.FMLTweaker
[22:25:43] [main/INFO] [LaunchWrapper]: Using primary tweak class name net.minecraftforge.fml.common.launcher.FMLTweaker
[22:25:43] [main/INFO] [LaunchWrapper]: Loading tweak class name net.minecraftforge.gradle.tweakers.CoremodTweaker
[22:25:43] [main/INFO] [LaunchWrapper]: Calling tweak class net.minecraftforge.fml.common.launcher.FMLTweaker
